<?xml version="1.0" encoding="UTF-8"?>
<!-- Generated by org.testng.reporters.JUnitReportReporter -->
<testsuite hostname="DESKTOP-H1FFPV8" failures="0" tests="1" name="testrunner.myrunner" time="12.159" errors="0" timestamp="2024-10-11T23:16:55 IST" skipped="0">
  <testcase classname="testrunner.myrunner" name="runScenario" time="12.159"/>
  <system-out/>
</testsuite> <!-- testrunner.myrunner -->
