<?xml version="1.0" encoding="UTF-8"?>
<!-- Generated by org.testng.reporters.JUnitReportReporter -->
<testsuite hostname="DESKTOP-H1FFPV8" failures="0" tests="4" name="testrunner.myrunner" time="163.108" errors="0" timestamp="2024-10-10T02:03:34 IST" skipped="0">
  <testcase classname="testrunner.myrunner" name="runScenario" time="77.922"/>
  <system-out/>
  <testcase classname="testrunner.myrunner" name="runScenario" time="26.487"/>
  <system-out/>
  <testcase classname="testrunner.myrunner" name="runScenario" time="31.855"/>
  <system-out/>
  <testcase classname="testrunner.myrunner" name="runScenario" time="26.844"/>
  <system-out/>
</testsuite> <!-- testrunner.myrunner -->
